<?xml version="1.0" encoding="utf-8"?><testsuites name="pytest tests"><testsuite name="pytest" errors="0" failures="0" skipped="0" tests="14" time="1.103" timestamp="2026-05-27T01:00:43.472311+00:00" hostname="agent-env-5093bd78-005c-4fe8-867c-0ea7b0abf366"><testcase classname="backend.tests.test_ghost_maze_api.TestRoot" name="test_root_ok" time="0.138" /><testcase classname="backend.tests.test_ghost_maze_api.TestDailySeed" name="test_daily_seed_shape" time="0.048" /><testcase classname="backend.tests.test_ghost_maze_api.TestDailySeed" name="test_daily_seed_is_deterministic" time="0.092" /><testcase classname="backend.tests.test_ghost_maze_api.TestScoresClassic" name="test_submit_classic_score_and_appears_in_leaderboard" time="0.095" /><testcase classname="backend.tests.test_ghost_maze_api.TestScoresClassic" name="test_leaderboard_sorted_desc" time="0.136" /><testcase classname="backend.tests.test_ghost_maze_api.TestScoresDaily" name="test_submit_daily_score_default_date" time="0.095" /><testcase classname="backend.tests.test_ghost_maze_api.TestScoresDaily" name="test_submit_daily_score_rejects_mismatched_date" time="0.044" /><testcase classname="backend.tests.test_ghost_maze_api.TestNameSanitization" name="test_name_truncated_to_16" time="0.045" /><testcase classname="backend.tests.test_ghost_maze_api.TestNameSanitization" name="test_name_at_16_chars_accepted" time="0.050" /><testcase classname="backend.tests.test_ghost_maze_api.TestNameSanitization" name="test_name_strips_disallowed_chars" time="0.050" /><testcase classname="backend.tests.test_ghost_maze_api.TestNameSanitization" name="test_name_blank_rejected" time="0.047" /><testcase classname="backend.tests.test_ghost_maze_api.TestLeaderboardFilters" name="test_classic_leaderboard_does_not_include_daily" time="0.092" /><testcase classname="backend.tests.test_ghost_maze_api.TestLeaderboardFilters" name="test_daily_leaderboard_only_today" time="0.046" /><testcase classname="backend.tests.test_ghost_maze_api.TestLeaderboardFilters" name="test_limit_param_clamped" time="0.046" /></testsuite></testsuites>