<?xml version="1.0" encoding="utf-8"?><testsuites name="pytest tests"><testsuite name="pytest" errors="0" failures="0" skipped="0" tests="23" time="2.994" timestamp="2026-05-27T08:57:54.539090+00:00" hostname="agent-env-5093bd78-005c-4fe8-867c-0ea7b0abf366"><testcase classname="backend.tests.test_ghost_maze_api.TestRoot" name="test_root_ok" time="0.276" /><testcase classname="backend.tests.test_ghost_maze_api.TestDailySeed" name="test_daily_seed_shape" time="0.050" /><testcase classname="backend.tests.test_ghost_maze_api.TestDailySeed" name="test_daily_seed_is_deterministic" time="0.092" /><testcase classname="backend.tests.test_ghost_maze_api.TestScoresClassic" name="test_submit_classic_score_and_appears_in_leaderboard" time="0.109" /><testcase classname="backend.tests.test_ghost_maze_api.TestScoresClassic" name="test_leaderboard_sorted_desc" time="0.144" /><testcase classname="backend.tests.test_ghost_maze_api.TestScoresDaily" name="test_submit_daily_score_default_date" time="0.097" /><testcase classname="backend.tests.test_ghost_maze_api.TestScoresDaily" name="test_submit_daily_score_rejects_mismatched_date" time="0.053" /><testcase classname="backend.tests.test_ghost_maze_api.TestNameSanitization" name="test_name_truncated_to_16" time="0.049" /><testcase classname="backend.tests.test_ghost_maze_api.TestNameSanitization" name="test_name_at_16_chars_accepted" time="0.049" /><testcase classname="backend.tests.test_ghost_maze_api.TestNameSanitization" name="test_name_strips_disallowed_chars" time="0.049" /><testcase classname="backend.tests.test_ghost_maze_api.TestNameSanitization" name="test_name_blank_rejected" time="0.047" /><testcase classname="backend.tests.test_ghost_maze_api.TestLeaderboardFilters" name="test_classic_leaderboard_does_not_include_daily" time="0.109" /><testcase classname="backend.tests.test_ghost_maze_api.TestLeaderboardFilters" name="test_daily_leaderboard_only_today" time="0.047" /><testcase classname="backend.tests.test_ghost_maze_api.TestLeaderboardFilters" name="test_limit_param_clamped" time="0.047" /><testcase classname="backend.tests.test_payments_api.TestPacksCatalog" name="test_packs_returns_four_packs_with_expected_shape" time="0.130" /><testcase classname="backend.tests.test_payments_api.TestCreateCheckoutSession" name="test_create_session_returns_stripe_url" time="0.769" /><testcase classname="backend.tests.test_payments_api.TestCreateCheckoutSession" name="test_create_session_rejects_unknown_pack" time="0.047" /><testcase classname="backend.tests.test_payments_api.TestCreateCheckoutSession" name="test_create_session_rejects_missing_pack_id" time="0.047" /><testcase classname="backend.tests.test_payments_api.TestCreateCheckoutSession" name="test_create_session_rejects_short_player_id" time="0.047" /><testcase classname="backend.tests.test_payments_api.TestSessionStatus" name="test_pending_status_before_payment" time="0.269" /><testcase classname="backend.tests.test_payments_api.TestSessionStatus" name="test_unknown_session_returns_404" time="0.221" /><testcase classname="backend.tests.test_payments_api.TestPlayerBalance" name="test_new_player_balance_zero" time="0.046" /><testcase classname="backend.tests.test_payments_api.TestPlayerBalance" name="test_previously_paid_player_has_coins" time="0.046" /></testsuite></testsuites>